Arguments: 
  /Users/yqwoe/.nvm/versions/node/v14.6.0/bin/node /Users/yqwoe/.nvm/versions/node/v14.6.0/bin/yarn install

PATH: 
  /Users/yqwoe/.rbenv/shims:/Users/yqwoe/.rbenv/bin:/usr/local/opt/postgresql@11/bin:/usr/local/opt/openjdk@11/bin:/usr/local/opt/kibana@5.6/bin:/usr/local/sbin:/Users/yqwoe/tools/development/flutter/bin:/usr/local/mongodb/bin:/usr/local/opt/mysql@5.7/bin:/usr/local/Cellar/mysql@5.7/5.7.27_1/bin:/Users/yqwoe/.nvm/versions/node/v14.6.0/bin:/usr/local/opt/mysql@5.7/bin:/Users/yqwoe/.cargo/bin:/usr/local/bin:/usr/bin:/bin:/usr/sbin:/sbin:/Applications/VMware Fusion.app/Contents/Public:/Library/TeX/texbin:/Library/Apple/usr/bin:/Users/yqwoe/tools/phantomjs-2.1.1-macosx/bin:/Users/yqwoe/tools/apache-maven-3.6.1/bin:/Library/Java/JavaVirtualMachines/jdk1.8.0_211.jdk/Contents/Home/jre/bin:/Users/yqwoe/Library/Android/sdk/tools:/Users/yqwoe/Library/Android/sdk/tools/bin:/Users/yqwoe/Library/Android/sdk/platform-tools:/Users/yqwoe/Library/Android/sdk/emulator

Yarn version: 
  1.22.10

Node version: 
  14.6.0

Platform: 
  darwin x64

Trace: 
  Error: https://github.com/ckeditor/jsdoc: ESOCKETTIMEDOUT
      at ClientRequest.<anonymous> (/Users/yqwoe/.nvm/versions/node/v14.6.0/lib/node_modules/yarn/lib/cli.js:141289:19)
      at Object.onceWrapper (events.js:420:28)
      at ClientRequest.emit (events.js:314:20)
      at TLSSocket.emitRequestTimeout (_http_client.js:769:9)
      at Object.onceWrapper (events.js:420:28)
      at TLSSocket.emit (events.js:326:22)
      at TLSSocket.Socket._onTimeout (net.js:483:8)
      at listOnTimeout (internal/timers.js:551:17)
      at processTimers (internal/timers.js:494:7)

npm manifest: 
  {
    "name": "@ckeditor/ckeditor5-build-classic",
    "version": "29.2.0",
    "description": "The classic editor build of CKEditor 5 – the best browser-based rich text editor.",
    "keywords": [
      "ckeditor5-build",
      "ckeditor",
      "ckeditor5",
      "ckeditor 5",
      "wysiwyg",
      "rich text",
      "editor",
      "html",
      "contentEditable",
      "editing",
      "operational transformation",
      "ot",
      "collaboration",
      "collaborative",
      "real-time",
      "framework"
    ],
    "main": "./build/ckeditor.js",
    "files": [
      "build",
      "ckeditor5-metadata.json"
    ],
    "dependencies": {
      "@ckeditor/ckeditor5-adapter-ckfinder": "^29.2.0",
      "@ckeditor/ckeditor5-autoformat": "^29.2.0",
      "@ckeditor/ckeditor5-basic-styles": "^29.2.0",
      "@ckeditor/ckeditor5-block-quote": "^29.2.0",
      "@ckeditor/ckeditor5-ckfinder": "^29.2.0",
      "@ckeditor/ckeditor5-cloud-services": "^29.2.0",
      "@ckeditor/ckeditor5-easy-image": "^29.2.0",
      "@ckeditor/ckeditor5-editor-classic": "^29.2.0",
      "@ckeditor/ckeditor5-essentials": "^29.2.0",
      "@ckeditor/ckeditor5-heading": "^29.2.0",
      "@ckeditor/ckeditor5-image": "^29.2.0",
      "@ckeditor/ckeditor5-indent": "^29.2.0",
      "@ckeditor/ckeditor5-link": "^29.2.0",
      "@ckeditor/ckeditor5-list": "^29.2.0",
      "@ckeditor/ckeditor5-media-embed": "^29.2.0",
      "@ckeditor/ckeditor5-paragraph": "^29.2.0",
      "@ckeditor/ckeditor5-paste-from-office": "^29.2.0",
      "@ckeditor/ckeditor5-table": "^29.2.0",
      "@ckeditor/ckeditor5-typing": "^29.2.0"
    },
    "devDependencies": {
      "@ckeditor/ckeditor5-core": "^29.2.0",
      "@ckeditor/ckeditor5-dev-utils": "^25.4.0",
      "@ckeditor/ckeditor5-dev-webpack-plugin": "^25.0.0",
      "@ckeditor/ckeditor5-theme-lark": "^29.2.0",
      "postcss-loader": "^3.0.0",
      "raw-loader": "^4.0.1",
      "style-loader": "^1.2.1",
      "terser-webpack-plugin": "^3.0.2",
      "webpack": "^4.43.0",
      "webpack-cli": "^3.3.12"
    },
    "engines": {
      "node": ">=12.0.0",
      "npm": ">=5.7.1"
    },
    "author": "CKSource (http://cksource.com/)",
    "license": "GPL-2.0-or-later",
    "homepage": "https://ckeditor.com/ckeditor-5",
    "bugs": "https://github.com/ckeditor/ckeditor5/issues",
    "repository": {
      "type": "git",
      "url": "https://github.com/ckeditor/ckeditor5.git",
      "directory": "packages/ckeditor5-build-classic"
    },
    "scripts": {
      "build": "webpack --mode production",
      "preversion": "npm run build"
    }
  }

yarn manifest: 
  No manifest

Lockfile: 
  No lockfile
